<project xmlns="http://maven.apache.org/POM/4.0.0" 
	xmlns:xsi="http://www.w3.org/2001/XMLSchema-instance" 
	xsi:schemaLocation="http://maven.apache.org/POM/4.0.0 http://maven.apache.org/maven-v4_0_0.xsd">
	<modelVersion>4.0.0</modelVersion>
	<groupId>org.jvnet.jaxb2_commons</groupId>
	<artifactId>samples-basic-maven</artifactId>
	<version>0.7.0-SNAPSHOT</version>
	<packaging>jar</packaging>
	<name>JAXB2 Commons Samples - Basic Maven</name>
	<dependencies>
		<dependency>
			<groupId>org.jvnet.jaxb2_commons</groupId>
			<artifactId>basic</artifactId>
			<version>0.2.GA</version>
		</dependency>
		<dependency>
			<groupId>org.jvnet.jaxb2_commons</groupId>
			<artifactId>testing</artifactId>
			<version>0.2.GA</version>
			<scope>test</scope>
		</dependency>
	</dependencies>
	<repositories>
		<repository>
			<id>maven2-repository.dev.java.net</id>
			<url>https://maven2-repository.dev.java.net/nonav/repository</url>
		</repository>
		<repository>
			<id>maven-repository.dev.java.net</id>
			<url>https://maven-repository.dev.java.net/nonav/repository</url>
			<layout>legacy</layout>
		</repository>
	</repositories>
	<pluginRepositories>
		<pluginRepository>
			<id>maven2-repository.dev.java.net</id>
			<url>https://maven2-repository.dev.java.net/nonav/repository</url>
		</pluginRepository>
		<pluginRepository>
			<id>maven-repository.dev.java.net</id>
			<url>https://maven-repository.dev.java.net/nonav/repository</url>
			<layout>legacy</layout>
		</pluginRepository>
	</pluginRepositories>
	<build>
		<defaultGoal>test</defaultGoal>
		<plugins>
			<plugin>
				<groupId>org.jvnet.jaxb2.maven2</groupId>
				<artifactId>maven-jaxb2-plugin-raw</artifactId>
				<version>0.7.0-SNAPSHOT</version>
				<executions>
					<execution>
						<goals>
							<goal>generate</goal>
						</goals>
					</execution>
				</executions>
				<configuration>
					<!-- args>
						<arg>-XtoString</arg>
						<arg>-Xequals</arg>
						<arg>-XhashCode</arg>
						<arg>-Xcopyable</arg>
					</args>
					<plugins>
						<plugin>
							<groupId>org.jvnet.jaxb2_commons</groupId>
							<artifactId>basic</artifactId>
							<version>0.2.GA</version>
						</plugin>
					</plugins-->
				</configuration>
				<dependencies>
					<dependency>
						<groupId>com.sun.xml.bind</groupId>
						<artifactId>jaxb-impl</artifactId>
						<version>2.1.9</version>
					</dependency>
					<dependency>
						<groupId>org.jvnet.jaxb2_commons</groupId>
						<artifactId>jaxb-xjc</artifactId>
						<version>2.1.9</version>
					</dependency>
				</dependencies>
			</plugin>
			<plugin>
				<inherited>true</inherited>
				<artifactId>maven-compiler-plugin</artifactId>
				<configuration>
					<source>1.5</source>
					<target>1.5</target>
				</configuration>
			</plugin>
		</plugins>
	</build>
</project>