<project xmlns="http://maven.apache.org/POM/4.0.0" 
	xmlns:xsi="http://www.w3.org/2001/XMLSchema-instance" 
	xsi:schemaLocation="http://maven.apache.org/POM/4.0.0 http://maven.apache.org/maven-v4_0_0.xsd">
	<modelVersion>4.0.0</modelVersion>
	<groupId>org.jvnet.jaxb2_commons</groupId>
	<artifactId>samples-basic-maven</artifactId>
	<version>TEST</version>
	<packaging>jar</packaging>
	<name>JAXB2 Commons Samples - Basic Maven</name>
	<dependencyManagement>
		<dependencies>
			<dependency>
				<groupId>org.jvnet.jaxb2_commons</groupId>
				<artifactId>jaxb2-basics</artifactId>
				<version>0.6.0</version>
			</dependency>
		</dependencies>
	</dependencyManagement>
	<build>
		<defaultGoal>test</defaultGoal>
		<plugins>
			<plugin>
				<groupId>org.jvnet.jaxb2.maven2</groupId>
				<artifactId>maven-jaxb2-plugin-raw</artifactId>
				<version>TEST</version>
				<executions>
					<execution>
						<goals>
							<goal>generate</goal>
						</goals>
					</execution>
				</executions>
				<configuration>
					<args>
						<arg>-XtoString</arg>
						<arg>-Xequals</arg>
						<arg>-XhashCode</arg>
						<arg>-Xcopyable</arg>
					</args>
					<plugins>
						<plugin>
							<groupId>org.jvnet.jaxb2_commons</groupId>
							<artifactId>jaxb2-basics</artifactId>
							<exclusions>
								<exclusion>
									<groupId>com.sun.xml.bind</groupId>
									<artifactId>jaxb-impl</artifactId>
								</exclusion>
								<exclusion>
									<groupId>com.sun.xml.bind</groupId>
									<artifactId>jaxb-xjc</artifactId>
								</exclusion>
							</exclusions>
						</plugin>
					</plugins>
				</configuration>
				<dependencies>
					<dependency>
						<groupId>com.sun.xml.bind</groupId>
						<artifactId>jaxb-impl</artifactId>
						<version>2.1.3</version>
					</dependency>
					<dependency>
						<groupId>org.jvnet.jaxb2_commons</groupId>
						<artifactId>jaxb-xjc</artifactId>
						<version>2.1.13.MR2</version>
					</dependency>
				</dependencies>
			</plugin>
			<plugin>
				<inherited>true</inherited>
				<artifactId>maven-compiler-plugin</artifactId>
				<configuration>
					<source>1.5</source>
					<target>1.5</target>
				</configuration>
			</plugin>
		</plugins>
	</build>
</project>